TN:
SF:src/domain/entity/Item.js
FN:2,<instance_members_initializer>
FN:8,Person
FN:17,validation
FN:22,getTotalValue
FNF:4
FNH:4
FNDA:1,<instance_members_initializer>
FNDA:1,Person
FNDA:1,validation
FNDA:1,getTotalValue
DA:1,1
DA:2,1
DA:3,1
DA:4,1
DA:5,1
DA:6,1
DA:7,1
DA:8,1
DA:9,1
DA:10,1
DA:11,1
DA:12,1
DA:13,1
DA:14,1
DA:15,1
DA:16,1
DA:17,1
DA:18,1
DA:19,1
DA:20,1
DA:21,1
DA:22,1
DA:23,1
DA:24,1
DA:25,1
LF:25
LH:25
BRDA:1,0,0,1
BRDA:2,1,0,1
BRDA:8,2,0,1
BRDA:17,3,0,1
BRDA:18,4,0,0
BRDA:19,5,0,0
BRDA:22,6,0,1
BRF:7
BRH:5
end_of_record
